<?xml version="1.0" encoding="UTF-8"?>
<coverage generated="1558557357670" clover="3.2.0">
  <project timestamp="1558557357670" name="All files">
    <metrics statements="92" coveredstatements="84" conditionals="30" coveredconditionals="23" methods="31" coveredmethods="27" elements="153" coveredelements="134" complexity="0" loc="92" ncloc="92" packages="1" files="1" classes="1"/>
    <file name="index.js" path="C:\Users\bengs\Workspace\Apps\rollup-plugin-gltf\src\index.js">
      <metrics statements="92" coveredstatements="84" conditionals="30" coveredconditionals="23" methods="31" coveredmethods="27"/>
      <line num="12" count="1" type="stmt"/>
      <line num="14" count="1" type="stmt"/>
      <line num="35" count="8" type="stmt"/>
      <line num="38" count="8" type="stmt"/>
      <line num="41" count="8" type="stmt"/>
      <line num="42" count="8" type="stmt"/>
      <line num="45" count="8" type="stmt"/>
      <line num="49" count="8" type="stmt"/>
      <line num="50" count="8" type="cond" truecount="2" falsecount="0"/>
      <line num="51" count="3" type="stmt"/>
      <line num="54" count="5" type="stmt"/>
      <line num="57" count="5" type="cond" truecount="2" falsecount="0"/>
      <line num="58" count="2" type="stmt"/>
      <line num="62" count="3" type="stmt"/>
      <line num="67" count="8" type="stmt"/>
      <line num="68" count="7" type="cond" truecount="1" falsecount="1"/>
      <line num="69" count="0" type="stmt"/>
      <line num="73" count="7" type="cond" truecount="2" falsecount="0"/>
      <line num="74" count="5" type="stmt"/>
      <line num="75" count="5" type="cond" truecount="2" falsecount="0"/>
      <line num="76" count="2" type="stmt"/>
      <line num="80" count="3" type="stmt"/>
      <line num="85" count="2" type="stmt"/>
      <line num="86" count="2" type="stmt"/>
      <line num="87" count="2" type="stmt"/>
      <line num="93" count="8" type="stmt"/>
      <line num="98" count="8" type="stmt"/>
      <line num="103" count="16" type="cond" truecount="4" falsecount="0"/>
      <line num="104" count="8" type="stmt"/>
      <line num="108" count="8" type="stmt"/>
      <line num="109" count="8" type="stmt"/>
      <line num="110" count="8" type="stmt"/>
      <line num="112" count="8" type="stmt"/>
      <line num="115" count="8" type="stmt"/>
      <line num="118" count="8" type="stmt"/>
      <line num="127" count="8" type="stmt"/>
      <line num="128" count="7" type="stmt"/>
      <line num="132" count="8" type="stmt"/>
      <line num="135" count="8" type="stmt"/>
      <line num="138" count="8" type="stmt"/>
      <line num="141" count="8" type="cond" truecount="2" falsecount="0"/>
      <line num="142" count="4" type="stmt"/>
      <line num="146" count="4" type="stmt"/>
      <line num="148" count="0" type="stmt"/>
      <line num="153" count="8" type="stmt"/>
      <line num="154" count="8" type="stmt"/>
      <line num="156" count="8" type="stmt"/>
      <line num="158" count="8" type="stmt"/>
      <line num="160" count="8" type="stmt"/>
      <line num="161" count="10" type="stmt"/>
      <line num="165" count="10" type="stmt"/>
      <line num="166" count="10" type="stmt"/>
      <line num="168" count="0" type="stmt"/>
      <line num="173" count="8" type="stmt"/>
      <line num="174" count="8" type="cond" truecount="2" falsecount="0"/>
      <line num="175" count="4" type="stmt"/>
      <line num="176" count="4" type="stmt"/>
      <line num="177" count="4" type="stmt"/>
      <line num="178" count="4" type="stmt"/>
      <line num="180" count="0" type="stmt"/>
      <line num="187" count="8" type="stmt"/>
      <line num="188" count="8" type="stmt"/>
      <line num="189" count="0" type="stmt"/>
      <line num="193" count="8" type="stmt"/>
      <line num="205" count="10" type="stmt"/>
      <line num="206" count="10" type="stmt"/>
      <line num="207" count="10" type="stmt"/>
      <line num="208" count="10" type="stmt"/>
      <line num="209" count="10" type="stmt"/>
      <line num="210" count="10" type="stmt"/>
      <line num="211" count="10" type="stmt"/>
      <line num="221" count="7" type="stmt"/>
      <line num="224" count="7" type="stmt"/>
      <line num="236" count="14" type="stmt"/>
      <line num="237" count="14" type="stmt"/>
      <line num="238" count="14" type="cond" truecount="1" falsecount="1"/>
      <line num="239" count="14" type="stmt"/>
      <line num="242" count="14" type="stmt"/>
      <line num="243" count="6" type="stmt"/>
      <line num="245" count="8" type="cond" truecount="1" falsecount="1"/>
      <line num="246" count="0" type="stmt"/>
      <line num="249" count="8" type="stmt"/>
      <line num="251" count="8" type="cond" truecount="1" falsecount="1"/>
      <line num="252" count="8" type="stmt"/>
      <line num="254" count="8" type="stmt"/>
      <line num="256" count="0" type="stmt"/>
      <line num="269" count="48" type="stmt"/>
      <line num="270" count="48" type="stmt"/>
      <line num="271" count="48" type="stmt"/>
      <line num="272" count="48" type="cond" truecount="2" falsecount="0"/>
      <line num="273" count="40" type="stmt"/>
      <line num="276" count="0" type="stmt"/>
    </file>
  </project>
</coverage>
