{
  "/Users/matthewbengston/source/repos/rollup-plugin-gltf/src/index.js": {
    "path": "/Users/matthewbengston/source/repos/rollup-plugin-gltf/src/index.js",
    "statementMap": {
      "0": {
        "start": { "line": 12, "column": 25 },
        "end": { "line": 12, "column": 38 }
      },
      "1": {
        "start": { "line": 14, "column": 19 },
        "end": { "line": 17, "column": 1 }
      },
      "2": {
        "start": { "line": 35, "column": 6 },
        "end": { "line": 35, "column": 10 }
      },
      "3": {
        "start": { "line": 38, "column": 17 },
        "end": { "line": 38, "column": 47 }
      },
      "4": {
        "start": { "line": 41, "column": 26 },
        "end": { "line": 41, "column": 28 }
      },
      "5": {
        "start": { "line": 42, "column": 28 },
        "end": { "line": 42, "column": 30 }
      },
      "6": {
        "start": { "line": 45, "column": 16 },
        "end": { "line": 45, "column": 18 }
      },
      "7": {
        "start": { "line": 47, "column": 2 },
        "end": { "line": 191, "column": 4 }
      },
      "8": {
        "start": { "line": 52, "column": 6 },
        "end": { "line": 52, "column": 41 }
      },
      "9": {
        "start": { "line": 57, "column": 6 },
        "end": { "line": 59, "column": 7 }
      },
      "10": {
        "start": { "line": 58, "column": 8 },
        "end": { "line": 58, "column": 20 }
      },
      "11": {
        "start": { "line": 62, "column": 23 },
        "end": { "line": 62, "column": 49 }
      },
      "12": {
        "start": { "line": 63, "column": 6 },
        "end": { "line": 63, "column": 37 }
      },
      "13": {
        "start": { "line": 66, "column": 6 },
        "end": { "line": 142, "column": 8 }
      },
      "14": {
        "start": { "line": 71, "column": 26 },
        "end": { "line": 76, "column": 13 }
      },
      "15": {
        "start": { "line": 80, "column": 12 },
        "end": { "line": 94, "column": 15 }
      },
      "16": {
        "start": { "line": 81, "column": 14 },
        "end": { "line": 83, "column": 15 }
      },
      "17": {
        "start": { "line": 82, "column": 16 },
        "end": { "line": 82, "column": 30 }
      },
      "18": {
        "start": { "line": 85, "column": 14 },
        "end": { "line": 85, "column": 79 }
      },
      "19": {
        "start": { "line": 88, "column": 14 },
        "end": { "line": 92, "column": 15 }
      },
      "20": {
        "start": { "line": 89, "column": 16 },
        "end": { "line": 91, "column": 19 }
      },
      "21": {
        "start": { "line": 93, "column": 14 },
        "end": { "line": 93, "column": 28 }
      },
      "22": {
        "start": { "line": 98, "column": 31 },
        "end": { "line": 100, "column": 13 }
      },
      "23": {
        "start": { "line": 99, "column": 14 },
        "end": { "line": 99, "column": 59 }
      },
      "24": {
        "start": { "line": 102, "column": 12 },
        "end": { "line": 102, "column": 55 }
      },
      "25": {
        "start": { "line": 107, "column": 12 },
        "end": { "line": 128, "column": 15 }
      },
      "26": {
        "start": { "line": 108, "column": 14 },
        "end": { "line": 110, "column": 15 }
      },
      "27": {
        "start": { "line": 109, "column": 16 },
        "end": { "line": 109, "column": 23 }
      },
      "28": {
        "start": { "line": 113, "column": 14 },
        "end": { "line": 119, "column": 15 }
      },
      "29": {
        "start": { "line": 114, "column": 16 },
        "end": { "line": 114, "column": 63 }
      },
      "30": {
        "start": { "line": 115, "column": 16 },
        "end": { "line": 117, "column": 17 }
      },
      "31": {
        "start": { "line": 116, "column": 18 },
        "end": { "line": 116, "column": 70 }
      },
      "32": {
        "start": { "line": 118, "column": 16 },
        "end": { "line": 118, "column": 29 }
      },
      "33": {
        "start": { "line": 123, "column": 31 },
        "end": { "line": 123, "column": 71 }
      },
      "34": {
        "start": { "line": 124, "column": 27 },
        "end": { "line": 124, "column": 62 }
      },
      "35": {
        "start": { "line": 125, "column": 14 },
        "end": { "line": 127, "column": 17 }
      },
      "36": {
        "start": { "line": 130, "column": 12 },
        "end": { "line": 130, "column": 25 }
      },
      "37": {
        "start": { "line": 134, "column": 12 },
        "end": { "line": 134, "column": 76 }
      },
      "38": {
        "start": { "line": 135, "column": 12 },
        "end": { "line": 137, "column": 13 }
      },
      "39": {
        "start": { "line": 136, "column": 14 },
        "end": { "line": 136, "column": 66 }
      },
      "40": {
        "start": { "line": 138, "column": 12 },
        "end": { "line": 138, "column": 51 }
      },
      "41": {
        "start": { "line": 141, "column": 22 },
        "end": { "line": 141, "column": 60 }
      },
      "42": {
        "start": { "line": 146, "column": 24 },
        "end": { "line": 146, "column": 50 }
      },
      "43": {
        "start": { "line": 147, "column": 20 },
        "end": { "line": 147, "column": 48 }
      },
      "44": {
        "start": { "line": 149, "column": 21 },
        "end": { "line": 187, "column": 7 }
      },
      "45": {
        "start": { "line": 151, "column": 10 },
        "end": { "line": 186, "column": 12 }
      },
      "46": {
        "start": { "line": 153, "column": 27 },
        "end": { "line": 164, "column": 14 }
      },
      "47": {
        "start": { "line": 154, "column": 29 },
        "end": { "line": 157, "column": 15 }
      },
      "48": {
        "start": { "line": 158, "column": 14 },
        "end": { "line": 163, "column": 18 }
      },
      "49": {
        "start": { "line": 159, "column": 28 },
        "end": { "line": 159, "column": 51 }
      },
      "50": {
        "start": { "line": 162, "column": 18 },
        "end": { "line": 162, "column": 78 }
      },
      "51": {
        "start": { "line": 167, "column": 28 },
        "end": { "line": 167, "column": 32 }
      },
      "52": {
        "start": { "line": 168, "column": 12 },
        "end": { "line": 181, "column": 13 }
      },
      "53": {
        "start": { "line": 169, "column": 33 },
        "end": { "line": 169, "column": 73 }
      },
      "54": {
        "start": { "line": 170, "column": 28 },
        "end": { "line": 170, "column": 51 }
      },
      "55": {
        "start": { "line": 171, "column": 14 },
        "end": { "line": 180, "column": 18 }
      },
      "56": {
        "start": { "line": 172, "column": 28 },
        "end": { "line": 172, "column": 75 }
      },
      "57": {
        "start": { "line": 175, "column": 18 },
        "end": { "line": 179, "column": 19 }
      },
      "58": {
        "start": { "line": 183, "column": 12 },
        "end": { "line": 185, "column": 37 }
      },
      "59": {
        "start": { "line": 184, "column": 26 },
        "end": { "line": 184, "column": 35 }
      },
      "60": {
        "start": { "line": 185, "column": 27 },
        "end": { "line": 185, "column": 35 }
      },
      "61": {
        "start": { "line": 189, "column": 6 },
        "end": { "line": 189, "column": 33 }
      },
      "62": {
        "start": { "line": 201, "column": 2 },
        "end": { "line": 208, "column": 5 }
      },
      "63": {
        "start": { "line": 202, "column": 17 },
        "end": { "line": 202, "column": 39 }
      },
      "64": {
        "start": { "line": 203, "column": 4 },
        "end": { "line": 203, "column": 29 }
      },
      "65": {
        "start": { "line": 204, "column": 18 },
        "end": { "line": 204, "column": 48 }
      },
      "66": {
        "start": { "line": 205, "column": 4 },
        "end": { "line": 205, "column": 30 }
      },
      "67": {
        "start": { "line": 206, "column": 4 },
        "end": { "line": 206, "column": 31 }
      },
      "68": {
        "start": { "line": 207, "column": 4 },
        "end": { "line": 207, "column": 21 }
      },
      "69": {
        "start": { "line": 217, "column": 2 },
        "end": { "line": 219, "column": 4 }
      },
      "70": {
        "start": { "line": 218, "column": 26 },
        "end": { "line": 218, "column": 49 }
      },
      "71": {
        "start": { "line": 230, "column": 2 },
        "end": { "line": 252, "column": 5 }
      },
      "72": {
        "start": { "line": 231, "column": 12 },
        "end": { "line": 231, "column": 16 }
      },
      "73": {
        "start": { "line": 232, "column": 4 },
        "end": { "line": 234, "column": 5 }
      },
      "74": {
        "start": { "line": 233, "column": 6 },
        "end": { "line": 233, "column": 29 }
      },
      "75": {
        "start": { "line": 236, "column": 4 },
        "end": { "line": 251, "column": 9 }
      },
      "76": {
        "start": { "line": 237, "column": 18 },
        "end": { "line": 237, "column": 28 }
      },
      "77": {
        "start": { "line": 239, "column": 8 },
        "end": { "line": 241, "column": 9 }
      },
      "78": {
        "start": { "line": 240, "column": 10 },
        "end": { "line": 240, "column": 55 }
      },
      "79": {
        "start": { "line": 243, "column": 8 },
        "end": { "line": 250, "column": 33 }
      },
      "80": {
        "start": { "line": 245, "column": 12 },
        "end": { "line": 247, "column": 13 }
      },
      "81": {
        "start": { "line": 246, "column": 14 },
        "end": { "line": 246, "column": 25 }
      },
      "82": {
        "start": { "line": 248, "column": 12 },
        "end": { "line": 248, "column": 24 }
      },
      "83": {
        "start": { "line": 250, "column": 22 },
        "end": { "line": 250, "column": 31 }
      },
      "84": {
        "start": { "line": 263, "column": 2 },
        "end": { "line": 272, "column": 5 }
      },
      "85": {
        "start": { "line": 264, "column": 4 },
        "end": { "line": 271, "column": 5 }
      },
      "86": {
        "start": { "line": 265, "column": 6 },
        "end": { "line": 268, "column": 9 }
      },
      "87": {
        "start": { "line": 266, "column": 8 },
        "end": { "line": 267, "column": 26 }
      },
      "88": {
        "start": { "line": 266, "column": 17 },
        "end": { "line": 266, "column": 29 }
      },
      "89": {
        "start": { "line": 267, "column": 13 },
        "end": { "line": 267, "column": 26 }
      },
      "90": {
        "start": { "line": 270, "column": 6 },
        "end": { "line": 270, "column": 16 }
      }
    },
    "fnMap": {
      "0": {
        "name": "gltf",
        "decl": {
          "start": { "line": 29, "column": 24 },
          "end": { "line": 29, "column": 28 }
        },
        "loc": {
          "start": { "line": 29, "column": 40 },
          "end": { "line": 192, "column": 1 }
        },
        "line": 29
      },
      "1": {
        "name": "(anonymous_1)",
        "decl": {
          "start": { "line": 50, "column": 4 },
          "end": { "line": 50, "column": 5 }
        },
        "loc": {
          "start": { "line": 50, "column": 18 },
          "end": { "line": 53, "column": 5 }
        },
        "line": 50
      },
      "2": {
        "name": "(anonymous_2)",
        "decl": {
          "start": { "line": 55, "column": 4 },
          "end": { "line": 55, "column": 5 }
        },
        "loc": {
          "start": { "line": 55, "column": 13 },
          "end": { "line": 143, "column": 5 }
        },
        "line": 55
      },
      "3": {
        "name": "(anonymous_3)",
        "decl": {
          "start": { "line": 69, "column": 16 },
          "end": { "line": 69, "column": 17 }
        },
        "loc": {
          "start": { "line": 69, "column": 26 },
          "end": { "line": 103, "column": 11 }
        },
        "line": 69
      },
      "4": {
        "name": "(anonymous_4)",
        "decl": {
          "start": { "line": 80, "column": 46 },
          "end": { "line": 80, "column": 47 }
        },
        "loc": {
          "start": { "line": 80, "column": 56 },
          "end": { "line": 94, "column": 13 }
        },
        "line": 80
      },
      "5": {
        "name": "(anonymous_5)",
        "decl": {
          "start": { "line": 98, "column": 48 },
          "end": { "line": 98, "column": 49 }
        },
        "loc": {
          "start": { "line": 99, "column": 14 },
          "end": { "line": 99, "column": 59 }
        },
        "line": 99
      },
      "6": {
        "name": "(anonymous_6)",
        "decl": {
          "start": { "line": 105, "column": 16 },
          "end": { "line": 105, "column": 17 }
        },
        "loc": {
          "start": { "line": 105, "column": 40 },
          "end": { "line": 131, "column": 11 }
        },
        "line": 105
      },
      "7": {
        "name": "(anonymous_7)",
        "decl": {
          "start": { "line": 107, "column": 44 },
          "end": { "line": 107, "column": 45 }
        },
        "loc": {
          "start": { "line": 107, "column": 58 },
          "end": { "line": 128, "column": 13 }
        },
        "line": 107
      },
      "8": {
        "name": "(anonymous_8)",
        "decl": {
          "start": { "line": 133, "column": 16 },
          "end": { "line": 133, "column": 17 }
        },
        "loc": {
          "start": { "line": 133, "column": 25 },
          "end": { "line": 139, "column": 11 }
        },
        "line": 133
      },
      "9": {
        "name": "(anonymous_9)",
        "decl": {
          "start": { "line": 141, "column": 17 },
          "end": { "line": 141, "column": 18 }
        },
        "loc": {
          "start": { "line": 141, "column": 22 },
          "end": { "line": 141, "column": 60 }
        },
        "line": 141
      },
      "10": {
        "name": "(anonymous_10)",
        "decl": {
          "start": { "line": 145, "column": 4 },
          "end": { "line": 145, "column": 5 }
        },
        "loc": {
          "start": { "line": 145, "column": 21 },
          "end": { "line": 190, "column": 5 }
        },
        "line": 145
      },
      "11": {
        "name": "(anonymous_11)",
        "decl": {
          "start": { "line": 150, "column": 8 },
          "end": { "line": 150, "column": 9 }
        },
        "loc": {
          "start": { "line": 151, "column": 10 },
          "end": { "line": 186, "column": 12 }
        },
        "line": 151
      },
      "12": {
        "name": "(anonymous_12)",
        "decl": {
          "start": { "line": 151, "column": 22 },
          "end": { "line": 151, "column": 23 }
        },
        "loc": {
          "start": { "line": 151, "column": 43 },
          "end": { "line": 186, "column": 11 }
        },
        "line": 151
      },
      "13": {
        "name": "(anonymous_13)",
        "decl": {
          "start": { "line": 153, "column": 53 },
          "end": { "line": 153, "column": 54 }
        },
        "loc": {
          "start": { "line": 153, "column": 62 },
          "end": { "line": 164, "column": 13 }
        },
        "line": 153
      },
      "14": {
        "name": "(anonymous_14)",
        "decl": {
          "start": { "line": 159, "column": 22 },
          "end": { "line": 159, "column": 23 }
        },
        "loc": {
          "start": { "line": 159, "column": 28 },
          "end": { "line": 159, "column": 51 }
        },
        "line": 159
      },
      "15": {
        "name": "(anonymous_15)",
        "decl": {
          "start": { "line": 160, "column": 23 },
          "end": { "line": 160, "column": 24 }
        },
        "loc": {
          "start": { "line": 162, "column": 18 },
          "end": { "line": 162, "column": 78 }
        },
        "line": 162
      },
      "16": {
        "name": "(anonymous_16)",
        "decl": {
          "start": { "line": 172, "column": 22 },
          "end": { "line": 172, "column": 23 }
        },
        "loc": {
          "start": { "line": 172, "column": 28 },
          "end": { "line": 172, "column": 75 }
        },
        "line": 172
      },
      "17": {
        "name": "(anonymous_17)",
        "decl": {
          "start": { "line": 173, "column": 23 },
          "end": { "line": 173, "column": 24 }
        },
        "loc": {
          "start": { "line": 175, "column": 18 },
          "end": { "line": 179, "column": 19 }
        },
        "line": 175
      },
      "18": {
        "name": "(anonymous_18)",
        "decl": {
          "start": { "line": 184, "column": 20 },
          "end": { "line": 184, "column": 21 }
        },
        "loc": {
          "start": { "line": 184, "column": 26 },
          "end": { "line": 184, "column": 35 }
        },
        "line": 184
      },
      "19": {
        "name": "(anonymous_19)",
        "decl": {
          "start": { "line": 185, "column": 21 },
          "end": { "line": 185, "column": 22 }
        },
        "loc": {
          "start": { "line": 185, "column": 27 },
          "end": { "line": 185, "column": 35 }
        },
        "line": 185
      },
      "20": {
        "name": "copyFile",
        "decl": {
          "start": { "line": 200, "column": 9 },
          "end": { "line": 200, "column": 17 }
        },
        "loc": {
          "start": { "line": 200, "column": 37 },
          "end": { "line": 209, "column": 1 }
        },
        "line": 200
      },
      "21": {
        "name": "(anonymous_21)",
        "decl": {
          "start": { "line": 201, "column": 21 },
          "end": { "line": 201, "column": 22 }
        },
        "loc": {
          "start": { "line": 201, "column": 42 },
          "end": { "line": 208, "column": 3 }
        },
        "line": 201
      },
      "22": {
        "name": "getFileStats",
        "decl": {
          "start": { "line": 216, "column": 9 },
          "end": { "line": 216, "column": 21 }
        },
        "loc": {
          "start": { "line": 216, "column": 28 },
          "end": { "line": 220, "column": 1 }
        },
        "line": 216
      },
      "23": {
        "name": "(anonymous_23)",
        "decl": {
          "start": { "line": 218, "column": 4 },
          "end": { "line": 218, "column": 5 }
        },
        "loc": {
          "start": { "line": 218, "column": 26 },
          "end": { "line": 218, "column": 49 }
        },
        "line": 218
      },
      "24": {
        "name": "ensureFolderExists",
        "decl": {
          "start": { "line": 229, "column": 9 },
          "end": { "line": 229, "column": 27 }
        },
        "loc": {
          "start": { "line": 229, "column": 34 },
          "end": { "line": 253, "column": 1 }
        },
        "line": 229
      },
      "25": {
        "name": "(anonymous_25)",
        "decl": {
          "start": { "line": 230, "column": 21 },
          "end": { "line": 230, "column": 22 }
        },
        "loc": {
          "start": { "line": 230, "column": 42 },
          "end": { "line": 252, "column": 3 }
        },
        "line": 230
      },
      "26": {
        "name": "(anonymous_26)",
        "decl": {
          "start": { "line": 237, "column": 12 },
          "end": { "line": 237, "column": 13 }
        },
        "loc": {
          "start": { "line": 237, "column": 18 },
          "end": { "line": 237, "column": 28 }
        },
        "line": 237
      },
      "27": {
        "name": "(anonymous_27)",
        "decl": {
          "start": { "line": 238, "column": 13 },
          "end": { "line": 238, "column": 14 }
        },
        "loc": {
          "start": { "line": 238, "column": 20 },
          "end": { "line": 251, "column": 7 }
        },
        "line": 238
      },
      "28": {
        "name": "(anonymous_28)",
        "decl": {
          "start": { "line": 244, "column": 16 },
          "end": { "line": 244, "column": 17 }
        },
        "loc": {
          "start": { "line": 244, "column": 25 },
          "end": { "line": 249, "column": 11 }
        },
        "line": 244
      },
      "29": {
        "name": "(anonymous_29)",
        "decl": {
          "start": { "line": 250, "column": 17 },
          "end": { "line": 250, "column": 18 }
        },
        "loc": {
          "start": { "line": 250, "column": 22 },
          "end": { "line": 250, "column": 31 }
        },
        "line": 250
      },
      "30": {
        "name": "promisify",
        "decl": {
          "start": { "line": 261, "column": 9 },
          "end": { "line": 261, "column": 18 }
        },
        "loc": {
          "start": { "line": 261, "column": 32 },
          "end": { "line": 273, "column": 1 }
        },
        "line": 261
      },
      "31": {
        "name": "(anonymous_31)",
        "decl": {
          "start": { "line": 263, "column": 21 },
          "end": { "line": 263, "column": 22 }
        },
        "loc": {
          "start": { "line": 263, "column": 42 },
          "end": { "line": 272, "column": 3 }
        },
        "line": 263
      },
      "32": {
        "name": "(anonymous_32)",
        "decl": {
          "start": { "line": 265, "column": 18 },
          "end": { "line": 265, "column": 19 }
        },
        "loc": {
          "start": { "line": 265, "column": 32 },
          "end": { "line": 268, "column": 7 }
        },
        "line": 265
      }
    },
    "branchMap": {
      "0": {
        "loc": {
          "start": { "line": 29, "column": 29 },
          "end": { "line": 29, "column": 38 }
        },
        "type": "default-arg",
        "locations": [
          {
            "start": { "line": 29, "column": 36 },
            "end": { "line": 29, "column": 38 }
          }
        ],
        "line": 29
      },
      "1": {
        "loc": {
          "start": { "line": 31, "column": 4 },
          "end": { "line": 31, "column": 30 }
        },
        "type": "default-arg",
        "locations": [
          {
            "start": { "line": 31, "column": 14 },
            "end": { "line": 31, "column": 30 }
          }
        ],
        "line": 31
      },
      "2": {
        "loc": {
          "start": { "line": 33, "column": 4 },
          "end": { "line": 33, "column": 32 }
        },
        "type": "default-arg",
        "locations": [
          {
            "start": { "line": 33, "column": 23 },
            "end": { "line": 33, "column": 32 }
          }
        ],
        "line": 33
      },
      "3": {
        "loc": {
          "start": { "line": 34, "column": 4 },
          "end": { "line": 34, "column": 18 }
        },
        "type": "default-arg",
        "locations": [
          {
            "start": { "line": 34, "column": 13 },
            "end": { "line": 34, "column": 18 }
          }
        ],
        "line": 34
      },
      "4": {
        "loc": {
          "start": { "line": 57, "column": 6 },
          "end": { "line": 59, "column": 7 }
        },
        "type": "if",
        "locations": [
          {
            "start": { "line": 57, "column": 6 },
            "end": { "line": 59, "column": 7 }
          },
          {
            "start": { "line": 57, "column": 6 },
            "end": { "line": 59, "column": 7 }
          }
        ],
        "line": 57
      },
      "5": {
        "loc": {
          "start": { "line": 57, "column": 10 },
          "end": { "line": 57, "column": 49 }
        },
        "type": "binary-expr",
        "locations": [
          {
            "start": { "line": 57, "column": 10 },
            "end": { "line": 57, "column": 34 }
          },
          {
            "start": { "line": 57, "column": 38 },
            "end": { "line": 57, "column": 49 }
          }
        ],
        "line": 57
      },
      "6": {
        "loc": {
          "start": { "line": 81, "column": 14 },
          "end": { "line": 83, "column": 15 }
        },
        "type": "if",
        "locations": [
          {
            "start": { "line": 81, "column": 14 },
            "end": { "line": 83, "column": 15 }
          },
          {
            "start": { "line": 81, "column": 14 },
            "end": { "line": 83, "column": 15 }
          }
        ],
        "line": 81
      },
      "7": {
        "loc": {
          "start": { "line": 88, "column": 14 },
          "end": { "line": 92, "column": 15 }
        },
        "type": "if",
        "locations": [
          {
            "start": { "line": 88, "column": 14 },
            "end": { "line": 92, "column": 15 }
          },
          {
            "start": { "line": 88, "column": 14 },
            "end": { "line": 92, "column": 15 }
          }
        ],
        "line": 88
      },
      "8": {
        "loc": {
          "start": { "line": 108, "column": 14 },
          "end": { "line": 110, "column": 15 }
        },
        "type": "if",
        "locations": [
          {
            "start": { "line": 108, "column": 14 },
            "end": { "line": 110, "column": 15 }
          },
          {
            "start": { "line": 108, "column": 14 },
            "end": { "line": 110, "column": 15 }
          }
        ],
        "line": 108
      },
      "9": {
        "loc": {
          "start": { "line": 113, "column": 14 },
          "end": { "line": 119, "column": 15 }
        },
        "type": "if",
        "locations": [
          {
            "start": { "line": 113, "column": 14 },
            "end": { "line": 119, "column": 15 }
          },
          {
            "start": { "line": 113, "column": 14 },
            "end": { "line": 119, "column": 15 }
          }
        ],
        "line": 113
      },
      "10": {
        "loc": {
          "start": { "line": 115, "column": 16 },
          "end": { "line": 117, "column": 17 }
        },
        "type": "if",
        "locations": [
          {
            "start": { "line": 115, "column": 16 },
            "end": { "line": 117, "column": 17 }
          },
          {
            "start": { "line": 115, "column": 16 },
            "end": { "line": 117, "column": 17 }
          }
        ],
        "line": 115
      },
      "11": {
        "loc": {
          "start": { "line": 135, "column": 12 },
          "end": { "line": 137, "column": 13 }
        },
        "type": "if",
        "locations": [
          {
            "start": { "line": 135, "column": 12 },
            "end": { "line": 137, "column": 13 }
          },
          {
            "start": { "line": 135, "column": 12 },
            "end": { "line": 137, "column": 13 }
          }
        ],
        "line": 135
      },
      "12": {
        "loc": {
          "start": { "line": 168, "column": 12 },
          "end": { "line": 181, "column": 13 }
        },
        "type": "if",
        "locations": [
          {
            "start": { "line": 168, "column": 12 },
            "end": { "line": 181, "column": 13 }
          },
          {
            "start": { "line": 168, "column": 12 },
            "end": { "line": 181, "column": 13 }
          }
        ],
        "line": 168
      },
      "13": {
        "loc": {
          "start": { "line": 232, "column": 4 },
          "end": { "line": 234, "column": 5 }
        },
        "type": "if",
        "locations": [
          {
            "start": { "line": 232, "column": 4 },
            "end": { "line": 234, "column": 5 }
          },
          {
            "start": { "line": 232, "column": 4 },
            "end": { "line": 234, "column": 5 }
          }
        ],
        "line": 232
      },
      "14": {
        "loc": {
          "start": { "line": 239, "column": 8 },
          "end": { "line": 241, "column": 9 }
        },
        "type": "if",
        "locations": [
          {
            "start": { "line": 239, "column": 8 },
            "end": { "line": 241, "column": 9 }
          },
          {
            "start": { "line": 239, "column": 8 },
            "end": { "line": 241, "column": 9 }
          }
        ],
        "line": 239
      },
      "15": {
        "loc": {
          "start": { "line": 245, "column": 12 },
          "end": { "line": 247, "column": 13 }
        },
        "type": "if",
        "locations": [
          {
            "start": { "line": 245, "column": 12 },
            "end": { "line": 247, "column": 13 }
          },
          {
            "start": { "line": 245, "column": 12 },
            "end": { "line": 247, "column": 13 }
          }
        ],
        "line": 245
      },
      "16": {
        "loc": {
          "start": { "line": 266, "column": 8 },
          "end": { "line": 267, "column": 26 }
        },
        "type": "if",
        "locations": [
          {
            "start": { "line": 266, "column": 8 },
            "end": { "line": 267, "column": 26 }
          },
          {
            "start": { "line": 266, "column": 8 },
            "end": { "line": 267, "column": 26 }
          }
        ],
        "line": 266
      }
    },
    "s": {
      "0": 1,
      "1": 1,
      "2": 5,
      "3": 5,
      "4": 5,
      "5": 5,
      "6": 5,
      "7": 5,
      "8": 5,
      "9": 10,
      "10": 5,
      "11": 5,
      "12": 5,
      "13": 5,
      "14": 5,
      "15": 5,
      "16": 5,
      "17": 1,
      "18": 4,
      "19": 4,
      "20": 1,
      "21": 3,
      "22": 5,
      "23": 4,
      "24": 5,
      "25": 5,
      "26": 4,
      "27": 0,
      "28": 4,
      "29": 4,
      "30": 4,
      "31": 1,
      "32": 3,
      "33": 0,
      "34": 0,
      "35": 0,
      "36": 5,
      "37": 5,
      "38": 5,
      "39": 2,
      "40": 3,
      "41": 0,
      "42": 5,
      "43": 5,
      "44": 5,
      "45": 5,
      "46": 5,
      "47": 8,
      "48": 8,
      "49": 8,
      "50": 0,
      "51": 5,
      "52": 5,
      "53": 3,
      "54": 3,
      "55": 3,
      "56": 3,
      "57": 0,
      "58": 5,
      "59": 5,
      "60": 0,
      "61": 5,
      "62": 8,
      "63": 8,
      "64": 8,
      "65": 8,
      "66": 8,
      "67": 8,
      "68": 8,
      "69": 4,
      "70": 4,
      "71": 11,
      "72": 11,
      "73": 11,
      "74": 11,
      "75": 11,
      "76": 4,
      "77": 7,
      "78": 0,
      "79": 7,
      "80": 7,
      "81": 7,
      "82": 7,
      "83": 0,
      "84": 34,
      "85": 34,
      "86": 34,
      "87": 34,
      "88": 7,
      "89": 27,
      "90": 0
    },
    "f": {
      "0": 5,
      "1": 5,
      "2": 10,
      "3": 5,
      "4": 5,
      "5": 4,
      "6": 5,
      "7": 4,
      "8": 5,
      "9": 0,
      "10": 5,
      "11": 5,
      "12": 5,
      "13": 8,
      "14": 8,
      "15": 0,
      "16": 3,
      "17": 0,
      "18": 5,
      "19": 0,
      "20": 8,
      "21": 8,
      "22": 4,
      "23": 4,
      "24": 11,
      "25": 11,
      "26": 4,
      "27": 7,
      "28": 7,
      "29": 0,
      "30": 34,
      "31": 34,
      "32": 34
    },
    "b": {
      "0": [0],
      "1": [5],
      "2": [0],
      "3": [0],
      "4": [5, 5],
      "5": [10, 5],
      "6": [1, 4],
      "7": [1, 3],
      "8": [0, 4],
      "9": [4, 0],
      "10": [1, 3],
      "11": [2, 3],
      "12": [3, 2],
      "13": [11, 0],
      "14": [0, 7],
      "15": [7, 0],
      "16": [7, 27]
    },
    "_coverageSchema": "43e27e138ebf9cfc5966b082cf9a028302ed4184",
    "hash": "bf8b7fc62ce292992dc402c6c46b7281e7713cb3"
  }
}
