TN:
SF:/Users/matthewbengston/source/repos/rollup-plugin-gltf/src/index.js
FN:29,gltf
FN:50,(anonymous_1)
FN:55,(anonymous_2)
FN:69,(anonymous_3)
FN:80,(anonymous_4)
FN:98,(anonymous_5)
FN:105,(anonymous_6)
FN:107,(anonymous_7)
FN:133,(anonymous_8)
FN:141,(anonymous_9)
FN:145,(anonymous_10)
FN:150,(anonymous_11)
FN:151,(anonymous_12)
FN:153,(anonymous_13)
FN:159,(anonymous_14)
FN:160,(anonymous_15)
FN:172,(anonymous_16)
FN:173,(anonymous_17)
FN:184,(anonymous_18)
FN:185,(anonymous_19)
FN:200,copyFile
FN:201,(anonymous_21)
FN:216,getFileStats
FN:218,(anonymous_23)
FN:229,ensureFolderExists
FN:230,(anonymous_25)
FN:237,(anonymous_26)
FN:238,(anonymous_27)
FN:244,(anonymous_28)
FN:250,(anonymous_29)
FN:261,promisify
FN:263,(anonymous_31)
FN:265,(anonymous_32)
FNF:33
FNH:28
FNDA:5,gltf
FNDA:5,(anonymous_1)
FNDA:10,(anonymous_2)
FNDA:5,(anonymous_3)
FNDA:5,(anonymous_4)
FNDA:4,(anonymous_5)
FNDA:5,(anonymous_6)
FNDA:4,(anonymous_7)
FNDA:5,(anonymous_8)
FNDA:0,(anonymous_9)
FNDA:5,(anonymous_10)
FNDA:5,(anonymous_11)
FNDA:5,(anonymous_12)
FNDA:8,(anonymous_13)
FNDA:8,(anonymous_14)
FNDA:0,(anonymous_15)
FNDA:3,(anonymous_16)
FNDA:0,(anonymous_17)
FNDA:5,(anonymous_18)
FNDA:0,(anonymous_19)
FNDA:8,copyFile
FNDA:8,(anonymous_21)
FNDA:4,getFileStats
FNDA:4,(anonymous_23)
FNDA:11,ensureFolderExists
FNDA:11,(anonymous_25)
FNDA:4,(anonymous_26)
FNDA:7,(anonymous_27)
FNDA:7,(anonymous_28)
FNDA:0,(anonymous_29)
FNDA:34,promisify
FNDA:34,(anonymous_31)
FNDA:34,(anonymous_32)
DA:12,1
DA:14,1
DA:35,5
DA:38,5
DA:41,5
DA:42,5
DA:45,5
DA:47,5
DA:52,5
DA:57,10
DA:58,5
DA:62,5
DA:63,5
DA:66,5
DA:71,5
DA:80,5
DA:81,5
DA:82,1
DA:85,4
DA:88,4
DA:89,1
DA:93,3
DA:98,5
DA:99,4
DA:102,5
DA:107,5
DA:108,4
DA:109,0
DA:113,4
DA:114,4
DA:115,4
DA:116,1
DA:118,3
DA:123,0
DA:124,0
DA:125,0
DA:130,5
DA:134,5
DA:135,5
DA:136,2
DA:138,3
DA:141,0
DA:146,5
DA:147,5
DA:149,5
DA:151,5
DA:153,5
DA:154,8
DA:158,8
DA:159,8
DA:162,0
DA:167,5
DA:168,5
DA:169,3
DA:170,3
DA:171,3
DA:172,3
DA:175,0
DA:183,5
DA:184,5
DA:185,0
DA:189,5
DA:201,8
DA:202,8
DA:203,8
DA:204,8
DA:205,8
DA:206,8
DA:207,8
DA:217,4
DA:218,4
DA:230,11
DA:231,11
DA:232,11
DA:233,11
DA:236,11
DA:237,4
DA:239,7
DA:240,0
DA:243,7
DA:245,7
DA:246,7
DA:248,7
DA:250,0
DA:263,34
DA:264,34
DA:265,34
DA:266,34
DA:267,27
DA:270,0
LF:90
LH:79
BRDA:29,0,0,0
BRDA:31,1,0,5
BRDA:33,2,0,0
BRDA:34,3,0,0
BRDA:57,4,0,5
BRDA:57,4,1,5
BRDA:57,5,0,10
BRDA:57,5,1,5
BRDA:81,6,0,1
BRDA:81,6,1,4
BRDA:88,7,0,1
BRDA:88,7,1,3
BRDA:108,8,0,0
BRDA:108,8,1,4
BRDA:113,9,0,4
BRDA:113,9,1,0
BRDA:115,10,0,1
BRDA:115,10,1,3
BRDA:135,11,0,2
BRDA:135,11,1,3
BRDA:168,12,0,3
BRDA:168,12,1,2
BRDA:232,13,0,11
BRDA:232,13,1,0
BRDA:239,14,0,0
BRDA:239,14,1,7
BRDA:245,15,0,7
BRDA:245,15,1,0
BRDA:266,16,0,7
BRDA:266,16,1,27
BRF:30
BRH:22
end_of_record
