TN:
SF:C:\Users\bengs\Workspace\Apps\rollup-plugin-gltf\src\index.js
FN:29,gltf
FN:48,getBuffers
FN:49,(anonymous_2)
FN:66,getImages
FN:67,(anonymous_4)
FN:96,(anonymous_5)
FN:101,(anonymous_6)
FN:127,(anonymous_7)
FN:152,(anonymous_8)
FN:157,(anonymous_9)
FN:158,(anonymous_10)
FN:160,(anonymous_11)
FN:166,(anonymous_12)
FN:167,(anonymous_13)
FN:178,(anonymous_14)
FN:179,(anonymous_15)
FN:188,(anonymous_16)
FN:189,(anonymous_17)
FN:204,copyFile
FN:205,(anonymous_19)
FN:220,getFileStats
FN:224,(anonymous_21)
FN:235,ensureFolderExists
FN:236,(anonymous_23)
FN:243,(anonymous_24)
FN:244,(anonymous_25)
FN:250,(anonymous_26)
FN:256,(anonymous_27)
FN:267,promisify
FN:269,(anonymous_29)
FN:271,(anonymous_30)
FNF:31
FNH:27
FNDA:8,gltf
FNDA:8,getBuffers
FNDA:8,(anonymous_2)
FNDA:8,getImages
FNDA:7,(anonymous_4)
FNDA:8,(anonymous_5)
FNDA:16,(anonymous_6)
FNDA:7,(anonymous_7)
FNDA:8,(anonymous_8)
FNDA:8,(anonymous_9)
FNDA:8,(anonymous_10)
FNDA:10,(anonymous_11)
FNDA:10,(anonymous_12)
FNDA:0,(anonymous_13)
FNDA:4,(anonymous_14)
FNDA:0,(anonymous_15)
FNDA:8,(anonymous_16)
FNDA:0,(anonymous_17)
FNDA:10,copyFile
FNDA:10,(anonymous_19)
FNDA:7,getFileStats
FNDA:7,(anonymous_21)
FNDA:14,ensureFolderExists
FNDA:14,(anonymous_23)
FNDA:6,(anonymous_24)
FNDA:8,(anonymous_25)
FNDA:8,(anonymous_26)
FNDA:0,(anonymous_27)
FNDA:48,promisify
FNDA:48,(anonymous_29)
FNDA:48,(anonymous_30)
DA:12,1
DA:14,1
DA:35,8
DA:38,8
DA:41,8
DA:42,8
DA:45,8
DA:49,8
DA:50,8
DA:51,3
DA:54,5
DA:57,5
DA:58,2
DA:62,3
DA:67,8
DA:68,7
DA:69,0
DA:73,7
DA:74,5
DA:75,5
DA:76,2
DA:80,3
DA:85,2
DA:86,2
DA:87,2
DA:93,8
DA:98,8
DA:103,16
DA:104,8
DA:108,8
DA:109,8
DA:110,8
DA:112,8
DA:115,8
DA:118,8
DA:127,8
DA:128,7
DA:132,8
DA:135,8
DA:138,8
DA:141,8
DA:142,4
DA:146,4
DA:148,0
DA:153,8
DA:154,8
DA:156,8
DA:158,8
DA:160,8
DA:161,10
DA:165,10
DA:166,10
DA:168,0
DA:173,8
DA:174,8
DA:175,4
DA:176,4
DA:177,4
DA:178,4
DA:180,0
DA:187,8
DA:188,8
DA:189,0
DA:193,8
DA:205,10
DA:206,10
DA:207,10
DA:208,10
DA:209,10
DA:210,10
DA:211,10
DA:221,7
DA:224,7
DA:236,14
DA:237,14
DA:238,14
DA:239,14
DA:242,14
DA:243,6
DA:245,8
DA:246,0
DA:249,8
DA:251,8
DA:252,8
DA:254,8
DA:256,0
DA:269,48
DA:270,48
DA:271,48
DA:272,48
DA:273,40
DA:276,0
LF:92
LH:84
BRDA:29,0,0,0
BRDA:31,1,0,8
BRDA:33,2,0,0
BRDA:34,3,0,0
BRDA:50,4,0,3
BRDA:50,4,1,5
BRDA:57,5,0,2
BRDA:57,5,1,3
BRDA:68,6,0,0
BRDA:68,6,1,7
BRDA:73,7,0,5
BRDA:73,7,1,2
BRDA:75,8,0,2
BRDA:75,8,1,3
BRDA:103,9,0,8
BRDA:103,9,1,8
BRDA:103,10,0,16
BRDA:103,10,1,8
BRDA:141,11,0,4
BRDA:141,11,1,4
BRDA:174,12,0,4
BRDA:174,12,1,4
BRDA:238,13,0,14
BRDA:238,13,1,0
BRDA:245,14,0,0
BRDA:245,14,1,8
BRDA:251,15,0,8
BRDA:251,15,1,0
BRDA:272,16,0,8
BRDA:272,16,1,40
BRF:30
BRH:23
end_of_record
